[02-13 09:12:19][INFO][main]: Start app
[02-13 09:12:49][INFO][main]: Start app
[02-13 09:13:21][INFO][main]: Start app
[02-13 09:19:49][INFO][main]: Start app
[02-13 09:23:51][INFO][main]: Start app
[02-13 09:24:13][INFO][main]: Start app
[02-13 09:26:27][INFO][main]: Start app
[02-13 09:27:40][INFO][main]: Start app
[02-13 09:29:57][INFO][main]: Start app
[02-13 09:30:58][INFO][main]: Start app
[02-13 09:35:05][INFO][main]: Start app
[02-13 09:43:51][INFO][main]: Start app
[02-13 09:45:44][INFO][main]: Start app
[02-13 09:47:13][INFO][main]: Start app
[02-13 09:48:22][INFO][main]: Start app
[02-13 10:02:49][INFO][main]: Start app
[02-13 10:03:28][INFO][main]: Start app
[02-13 10:03:50][INFO][main]: Start app
[02-13 10:04:59][INFO][main]: Start app
[02-13 10:05:33][INFO][main]: Start app
[02-13 10:12:01][INFO][main]: Start app
[02-13 10:14:51][INFO][main]: Start app
[02-13 10:15:17][INFO][main]: Start app
[02-13 10:15:44][INFO][main]: Start app
[02-13 10:16:05][INFO][main]: Start app
[02-13 10:16:28][INFO][main]: Start app
[02-13 13:13:15][INFO][main]: Start app
[02-13 13:13:58][INFO][main]: Start app
[02-13 13:17:58][INFO][main]: Start app
[02-13 13:18:02][ERROR][user_onboarding][create_user]: (psycopg2.errors.UniqueViolation) duplicate key value violates unique constraint "user_name_key"
DETAIL:  Key (name)=(1231234) already exists.

[SQL: INSERT INTO "user" (name, email, password) VALUES (%(name)s, %(email)s, %(password)s) RETURNING "user".id]
[parameters: {'name': '1231234', 'email': '123123', 'password': '123123'}]
(Background on this error at: https://sqlalche.me/e/20/gkpj)
[02-13 13:20:01][INFO][main]: Start app
[02-13 13:20:04][ERROR][user_onboarding][create_user]: (psycopg2.errors.UniqueViolation) duplicate key value violates unique constraint "user_name_key"
DETAIL:  Key (name)=(1231234) already exists.

[SQL: INSERT INTO "user" (name, email, password) VALUES (%(name)s, %(email)s, %(password)s) RETURNING "user".id]
[parameters: {'name': '1231234', 'email': '123123', 'password': '123123'}]
(Background on this error at: https://sqlalche.me/e/20/gkpj)
[02-13 13:23:34][ERROR][user_onboarding][create_user]: (psycopg2.errors.UniqueViolation) duplicate key value violates unique constraint "user_name_key"
DETAIL:  Key (name)=(1231234) already exists.

[SQL: INSERT INTO "user" (name, email, password) VALUES (%(name)s, %(email)s, %(password)s) RETURNING "user".id]
[parameters: {'name': '1231234', 'email': '123123', 'password': '123123'}]
(Background on this error at: https://sqlalche.me/e/20/gkpj)
[02-13 13:26:59][INFO][main]: Start app
[02-13 13:29:10][INFO][main]: Start app
[02-13 13:29:49][ERROR][user_onboarding][create_user]: (psycopg2.errors.UniqueViolation) duplicate key value violates unique constraint "user_name_key"
DETAIL:  Key (name)=(Nathan) already exists.

[SQL: INSERT INTO "user" (name, email, password) VALUES (%(name)s, %(email)s, %(password)s) RETURNING "user".id]
[parameters: {'name': 'Nathan', 'email': '123@gmail.com', 'password': 'Kosnhan123'}]
(Background on this error at: https://sqlalche.me/e/20/gkpj)
[02-13 17:07:43][INFO][main]: Start app
[02-13 17:09:24][INFO][main]: Start app
[02-13 17:10:00][INFO][main]: Start app
[02-13 17:11:00][INFO][main]: Start app
[02-13 17:13:18][INFO][main]: Start app
[02-13 17:15:22][INFO][main]: Start app
[02-13 17:15:39][INFO][main]: Start app
[02-13 17:16:09][INFO][main]: Start app
[02-13 17:16:10][ERROR][user_onboarding][get_all_user]: 'User' object is not iterable
[02-13 17:16:57][INFO][main]: Start app
[02-13 17:16:58][ERROR][user_onboarding][get_all_user]: 'User' object has no attribute 'value'
[02-13 17:18:49][INFO][main]: Start app
[02-13 17:18:52][ERROR][user_onboarding][get_all_user]: 'User' object has no attribute 'value'
[02-13 17:19:09][INFO][main]: Start app
[02-13 17:20:10][INFO][main]: Start app
[02-13 17:20:12][ERROR][user_onboarding][get_all_user]: 'User' object is not iterable
[02-13 17:20:40][INFO][main]: Start app
[02-13 17:20:42][ERROR][user_onboarding][get_all_user]: 'User' object is not iterable
[02-13 17:21:37][INFO][main]: Start app
[02-13 17:21:39][ERROR][user_onboarding][get_all_user]: 'User' object is not subscriptable
[02-13 17:22:48][INFO][main]: Start app
[02-13 17:24:26][INFO][main]: Start app
[02-13 17:28:28][INFO][main]: Start app
[02-13 17:29:01][INFO][main]: Start app
[02-13 17:29:15][INFO][main]: Start app
[02-13 17:29:47][INFO][main]: Start app
[02-13 17:30:26][INFO][main]: Start app
[02-13 17:30:45][INFO][main]: Start app
[02-13 17:32:13][INFO][main]: Start app
[02-13 17:35:04][INFO][main]: Start app
[02-13 17:35:06][ERROR][user_onboarding][get_user_by_name]: 406: User are not exist
[02-13 17:36:47][INFO][main]: Start app
[02-13 17:38:26][INFO][main]: Start app
[02-13 18:42:05][INFO][main]: Start app
[02-13 18:42:35][INFO][main]: Start app
[02-13 18:43:14][INFO][main]: Start app
[02-13 18:43:32][ERROR][user_onboarding][create_user]: 'topic' is an invalid keyword argument for ToDoItem
[02-13 18:43:55][INFO][main]: Start app
[02-13 18:46:04][INFO][main]: Start app
[02-13 18:46:35][INFO][main]: Start app
[02-13 18:46:39][ERROR][user_onboarding][create_user]: 'itemss' is an invalid keyword argument for ToDoItem
[02-13 18:49:00][INFO][main]: Start app
[02-13 18:49:07][ERROR][user_onboarding][create_user]: 'itemss' is an invalid keyword argument for ToDoItem
[02-13 18:56:55][INFO][main]: Start app
[02-13 18:58:10][INFO][main]: Start app
[02-13 19:18:35][INFO][main]: Start app
[02-13 19:19:17][INFO][main]: Start app
[02-13 19:20:15][INFO][main]: Start app
[02-13 19:20:29][INFO][main]: Start app
[02-13 19:20:30][ERROR][user_onboarding][create_user]: 'itemss' is an invalid keyword argument for ToDoItem
[02-13 19:22:57][INFO][main]: Start app
[02-13 19:23:04][INFO][main]: Start app
[02-13 19:23:25][ERROR][user_onboarding][create_user]: __enter__
[02-13 19:24:07][INFO][main]: Start app
[02-13 19:24:10][ERROR][user_onboarding][create_user]: __enter__
[02-13 19:24:19][INFO][main]: Start app
[02-13 19:24:26][ERROR][user_onboarding][create_user]: __enter__
[02-13 19:25:36][INFO][main]: Start app
[02-13 19:25:52][INFO][main]: Start app
[02-13 19:26:07][INFO][main]: Start app
[02-13 19:26:43][INFO][main]: Start app
